<?xml version="1.0" encoding="UTF-8"?>
<!-- Generated by org.testng.reporters.JUnitReportReporter -->
<testsuite hostname="Ghaith" failures="0" tests="15" name="AutomationSimiFinalProject.AutomationSimiFinalProject.AppTest" time="0.513" errors="0" timestamp="2025-04-30T00:59:52 EET" skipped="14">
  <testcase classname="AutomationSimiFinalProject.AutomationSimiFinalProject.AppTest" name="DownloadApp" time="0.513"/>
  <testcase classname="AutomationSimiFinalProject.AutomationSimiFinalProject.AppTest" name="Window_Example">
    <skipped/>
  </testcase> <!-- Window_Example -->
  <testcase classname="AutomationSimiFinalProject.AutomationSimiFinalProject.AppTest" name="autoCompleteTest">
    <skipped/>
  </testcase> <!-- autoCompleteTest -->
  <testcase classname="AutomationSimiFinalProject.AutomationSimiFinalProject.AppTest" name="HideAndShow">
    <skipped/>
  </testcase> <!-- HideAndShow -->
  <testcase classname="AutomationSimiFinalProject.AutomationSimiFinalProject.AppTest" name="EnableAndDisable">
    <skipped/>
  </testcase> <!-- EnableAndDisable -->
  <testcase classname="AutomationSimiFinalProject.AutomationSimiFinalProject.AppTest" name="AlertTest">
    <skipped/>
  </testcase> <!-- AlertTest -->
  <testcase classname="AutomationSimiFinalProject.AutomationSimiFinalProject.AppTest" name="Iframe">
    <skipped/>
  </testcase> <!-- Iframe -->
  <testcase classname="AutomationSimiFinalProject.AutomationSimiFinalProject.AppTest" name="Calender">
    <skipped/>
  </testcase> <!-- Calender -->
  <testcase classname="AutomationSimiFinalProject.AutomationSimiFinalProject.AppTest" name="ConfirmTest">
    <skipped/>
  </testcase> <!-- ConfirmTest -->
  <testcase classname="AutomationSimiFinalProject.AutomationSimiFinalProject.AppTest" name="MouseHover">
    <skipped/>
  </testcase> <!-- MouseHover -->
  <testcase classname="AutomationSimiFinalProject.AutomationSimiFinalProject.AppTest" name="TableTest">
    <skipped/>
  </testcase> <!-- TableTest -->
  <testcase classname="AutomationSimiFinalProject.AutomationSimiFinalProject.AppTest" name="Switch_Tab_Example">
    <skipped/>
  </testcase> <!-- Switch_Tab_Example -->
  <testcase classname="AutomationSimiFinalProject.AutomationSimiFinalProject.AppTest" name="RadioButton">
    <skipped/>
  </testcase> <!-- RadioButton -->
  <testcase classname="AutomationSimiFinalProject.AutomationSimiFinalProject.AppTest" name="SelectTag">
    <skipped/>
  </testcase> <!-- SelectTag -->
  <testcase classname="AutomationSimiFinalProject.AutomationSimiFinalProject.AppTest" name="CheckBoxTest">
    <skipped/>
  </testcase> <!-- CheckBoxTest -->
</testsuite> <!-- AutomationSimiFinalProject.AutomationSimiFinalProject.AppTest -->
